
> vibe-generated-app@1.0.0 dev
> vite


  VITE v5.4.20  ready in 223 ms

  ➜  Local:   http://localhost:3000/
  ➜  Network: http://172.20.44.252:3000/
9:58:15 PM [vite] Pre-transform error: Transform failed with 1 error:
/home/workspace/src/components/Solutions.jsx:77:49: ERROR: Expected ";" but found "as"
9:58:16 PM [vite] Internal server error: Transform failed with 1 error:
/home/workspace/src/components/Solutions.jsx:77:49: ERROR: Expected ";" but found "as"
  Plugin: vite:esbuild
  File: /home/workspace/src/components/Solutions.jsx:77:49
  
  Expected ";" but found "as"
  75 |                  style={{ background: 'radial-gradient(600px circle at var(--x,50%) var(--y,50%), rgba(147,51,234,0.08), transparent 40%)' }}
  76 |                  onMouseMove={(e) => {
  77 |                    const target = e.currentTarget as HTMLDivElement
     |                                                   ^
  78 |                    const rect = target.getBoundingClientRect()
  79 |                    target.style.setProperty('--x', `${e.clientX - rect.left}px`)
  
      at failureErrorWithLog (/home/workspace/node_modules/esbuild/lib/main.js:1472:15)
      at /home/workspace/node_modules/esbuild/lib/main.js:755:50
      at responseCallbacks.<computed> (/home/workspace/node_modules/esbuild/lib/main.js:622:9)
      at handleIncomingPacket (/home/workspace/node_modules/esbuild/lib/main.js:677:12)
      at Socket.readFromStdout (/home/workspace/node_modules/esbuild/lib/main.js:600:7)
      at Socket.emit (node:events:508:28)
      at addChunk (node:internal/streams/readable:559:12)
      at readableAddChunkPushByteMode (node:internal/streams/readable:510:3)
      at Readable.push (node:internal/streams/readable:390:5)
      at Pipe.onStreamRead (node:internal/stream_base_commons:189:23)
9:58:34 PM [vite] Internal server error: Transform failed with 1 error:
/home/workspace/src/components/Solutions.jsx:77:49: ERROR: Expected ";" but found "as"
  Plugin: vite:esbuild
  File: /home/workspace/src/components/Solutions.jsx:77:49
  
  Expected ";" but found "as"
  75 |                  style={{ background: 'radial-gradient(600px circle at var(--x,50%) var(--y,50%), rgba(147,51,234,0.08), transparent 40%)' }}
  76 |                  onMouseMove={(e) => {
  77 |                    const target = e.currentTarget as HTMLDivElement
     |                                                   ^
  78 |                    const rect = target.getBoundingClientRect()
  79 |                    target.style.setProperty('--x', `${e.clientX - rect.left}px`)
  
      at failureErrorWithLog (/home/workspace/node_modules/esbuild/lib/main.js:1472:15)
      at /home/workspace/node_modules/esbuild/lib/main.js:755:50
      at responseCallbacks.<computed> (/home/workspace/node_modules/esbuild/lib/main.js:622:9)
      at handleIncomingPacket (/home/workspace/node_modules/esbuild/lib/main.js:677:12)
      at Socket.readFromStdout (/home/workspace/node_modules/esbuild/lib/main.js:600:7)
      at Socket.emit (node:events:508:28)
      at addChunk (node:internal/streams/readable:559:12)
      at readableAddChunkPushByteMode (node:internal/streams/readable:510:3)
      at Readable.push (node:internal/streams/readable:390:5)
      at Pipe.onStreamRead (node:internal/stream_base_commons:189:23)
9:59:04 PM [vite] Internal server error: Transform failed with 1 error:
/home/workspace/src/components/Solutions.jsx:77:49: ERROR: Expected ";" but found "as"
  Plugin: vite:esbuild
  File: /home/workspace/src/components/Solutions.jsx:77:49
  
  Expected ";" but found "as"
  75 |                  style={{ background: 'radial-gradient(600px circle at var(--x,50%) var(--y,50%), rgba(147,51,234,0.08), transparent 40%)' }}
  76 |                  onMouseMove={(e) => {
  77 |                    const target = e.currentTarget as HTMLDivElement
     |                                                   ^
  78 |                    const rect = target.getBoundingClientRect()
  79 |                    target.style.setProperty('--x', `${e.clientX - rect.left}px`)
  
      at failureErrorWithLog (/home/workspace/node_modules/esbuild/lib/main.js:1472:15)
      at /home/workspace/node_modules/esbuild/lib/main.js:755:50
      at responseCallbacks.<computed> (/home/workspace/node_modules/esbuild/lib/main.js:622:9)
      at handleIncomingPacket (/home/workspace/node_modules/esbuild/lib/main.js:677:12)
      at Socket.readFromStdout (/home/workspace/node_modules/esbuild/lib/main.js:600:7)
      at Socket.emit (node:events:508:28)
      at addChunk (node:internal/streams/readable:559:12)
      at readableAddChunkPushByteMode (node:internal/streams/readable:510:3)
      at Readable.push (node:internal/streams/readable:390:5)
      at Pipe.onStreamRead (node:internal/stream_base_commons:189:23)
